Oct 22, 2012 11:35:26 AM oracle.mds
NOTIFICATION: PManager instance is created without multitenancy support as JVM flag "oracle.multitenant.enabled" is not set to enable multitenancy support.
Oct 22, 2012 11:35:29 AM oracle.fabric.common.wsdl.SchemaManager isIncrementalBuildSupported
INFO: XMLSchema incremental build enabled.
Oct 22, 2012 11:35:29 AM com.collaxa.cube.CubeLogger info
INFO: validating "BPELSdoService.bpel" ...
Oct 22, 2012 11:35:29 AM oracle.integration.platform.blocks.FabricConfigManager <clinit>
WARNING: JRF is unable to determine the current application server platform.
Oct 22, 2012 11:35:29 AM oracle.integration.platform.blocks.WLSPlatformConfigurationProvider <clinit>
WARNING: JRF is unable to determine the current application server platform.
node class name com.collaxa.cube.engine.ext.bpel.v1.blocks.BPELSequenceBlock
node class name com.collaxa.cube.engine.ext.bpel.v1.blocks.BPELSwitchBlock
Oct 22, 2012 11:35:29 AM com.collaxa.cube.CubeLogger info
INFO: Composed "BPELSdoService" in 66.5 milliseconds [nodes 13=0+13, 195.6 nodes/sec]
Oct 22, 2012 11:35:31 AM com.collaxa.cube.CubeLogger info
INFO: Compiled "BPELSdoService" in 1.741 seconds
Oct 22, 2012 11:35:31 AM com.collaxa.cube.CubeLogger info
INFO: Gathered 3 files in 2.2 milliseconds

Oct 22, 2012 11:35:31 AM com.collaxa.cube.CubeLogger info
INFO: Packaged "BPELSdoService" in 12.5 milliseconds

